<?xml version="1.0" encoding="UTF-8"?>
<!-- Generated by org.testng.reporters.JUnitReportReporter -->
<testsuite hostname="karthick" failures="0" tests="1" name="testScriptsTest.DTest" time="2.586" errors="0" timestamp="05 Mar 2024 12:15:34 GMT" skipped="0">
  <testcase classname="testScriptsTest.DTest" name="enter" time="2.586"/>
</testsuite> <!-- testScriptsTest.DTest -->
