<?xml version="1.0" encoding="UTF-8"?>
<!-- Generated by org.testng.reporters.JUnitReportReporter -->
<testsuite hostname="karthick" failures="0" tests="1" name="demo.DemoTest" time="0.009" errors="0" timestamp="19 Feb 2024 11:51:35 GMT" skipped="0">
  <testcase classname="demo.DemoTest" name="fetchData" time="0.009"/>
</testsuite> <!-- demo.DemoTest -->
