<?xml version="1.0" encoding="UTF-8"?>
<!-- Generated by org.testng.reporters.JUnitReportReporter -->
<testsuite hostname="karthick" failures="0" tests="1" name="demopackage.ExtentReports1" time="1.750" errors="0" timestamp="02 Mar 2024 09:52:42 GMT" skipped="0">
  <testcase classname="demopackage.ExtentReports1" name="loginTest" time="1.750"/>
</testsuite> <!-- demopackage.ExtentReports1 -->
